   929120645

 MYSTRAN Version 15.1.4   Dec 20 2023 MYSTRAN developed by Dr Bill Case
*** Please report any problems to mystransolver@gmail.com ***                                                                                                                                                                                                   

 >> MYSTRAN BEGIN  :  9/29/2024 at 12: 6:45.721 The input file is quad4.bdf                                                                                                                                                                                                                                                       


 >> LINK  0 BEGIN


$pyNastran: version=msc                                                                                                                                                                                                                                         
$pyNastran: punch=False                                                                                                                                                                                                                                         
$pyNastran: encoding=utf-8                                                                                                                                                                                                                                      
$pyNastran: nnodes=27                                                                                                                                                                                                                                           
$pyNastran: nelements=16                                                                                                                                                                                                                                        
$EXECUTIVE CONTROL DECK                                                                                                                                                                                                                                         
SOL 101                                                                                                                                                                                                                                                         
CEND                                                                                                                                                                                                                                                            
$CASE CONTROL DECK                                                                                                                                                                                                                                              
ECHO = NONE                                                                                                                                                                                                                                                     
TITLE = pyNastran for generating solverinput for for Mystran                                                                                                                                                                                                    
SUBCASE 1                                                                                                                                                                                                                                                       
    DISPLACEMENT(SORT1,REAL) = ALL                                                                                                                                                                                                                              
    LOAD = 1                                                                                                                                                                                                                                                    
    SPC = 1                                                                                                                                                                                                                                                     
    SPCFORCES(SORT1,REAL) = ALL                                                                                                                                                                                                                                 
    STRESS(SORT1,REAL,VONMISES,BILIN) = ALL                                                                                                                                                                                                                     
    SUBTITLE = Default                                                                                                                                                                                                                                          
BEGIN BULK                                                                                                                                                                                                                                                      
 *INFORMATION: MAT1 ENTRY        1 HAD FIELD FOR G  BLANK. MYSTRAN CALCULATED G  =  8.076923E+04




 >> LINK  0 END


 >> LINK  1 BEGIN

               DEALLOCATED  1.47E-01 MB MEMORY FROM ARRAY STF3


 *INFORMATION: AUTOSPC Summary, Stage 1 after identification of AUTOSPC's at the grid level                                                 

                                     AUTOSPC_RAT = 1.000000E-08

                       Number of DOF's identified for AUTOSPC in component  1         =            0
                       Number of DOF's identified for AUTOSPC in component  2         =            0
                       Number of DOF's identified for AUTOSPC in component  3         =            0
                       Number of DOF's identified for AUTOSPC in component  4         =            0
                       Number of DOF's identified for AUTOSPC in component  5         =           24
                       Number of DOF's identified for AUTOSPC in component  6         =            0
                                                                                        ------------
                       Total number of DOF's identified in this stage                 =           24

               DEALLOCATED  6.48E-04 MB MEMORY FROM ARRAY STFKEY
               DEALLOCATED  1.47E-01 MB MEMORY FROM ARRAY STF3

 >> LINK  1 END


 >> LINK  2 BEGIN




 *INFORMATION: AUTOSPC Summary, Overall: after identification of all AUTOSPC's                                                               

                                     AUTOSPC_RAT = 1.000000E-08

                       Number of DOF's identified for AUTOSPC in component  1         =            0
                       Number of DOF's identified for AUTOSPC in component  2         =            0
                       Number of DOF's identified for AUTOSPC in component  3         =            0
                       Number of DOF's identified for AUTOSPC in component  4         =            0
                       Number of DOF's identified for AUTOSPC in component  5         =           24
                       Number of DOF's identified for AUTOSPC in component  6         =            0
                                                                                        ------------
                       Total number of DOF's identified overall                       =           24


 >> LINK  2 END


 >> LINK  3 BEGIN

 SUPERLU FACTORIZATION OF MATRIX KLL SUCCEEDED IN SUBR SYM_MAT_DECOMP_SUPRLU          

 *INFORMATION: FOR INTERNAL SUBCASE NUMBER        1 EPSILON ERROR ESTIMATE            = -3.877094E-12 Based on U'*(K*U - P)/(U'*P)


 >> LINK  3 END


 >> LINK  5 BEGIN


 >> LINK  5 END


 >> LINK  9 BEGIN



 OUTPUT FOR SUBCASE        1
 pyNastran for generating solverinput for for Mystran                                                                                                                                                                                                            
 Default                                                                                                                                                                                                                                                         

                                                       D I S P L A C E M E N T S
                                              (in global coordinate system at each grid)
           GRID     COORD      T1            T2            T3            R1            R2            R3
                     SYS
              1        0  0.0           0.0           0.0           0.0           0.0           0.0         
              2        0  0.0           0.0           0.0           0.0           0.0           0.0         
              3        0 -7.991032E+00  1.750711E-14 -8.559026E+01 -6.490792E-22  0.0           3.260583E-18
              4        0  7.991032E+00  1.750711E-14 -8.559026E+01  6.490793E-22  0.0           3.260583E-18
              5        0  0.0           0.0           0.0           0.0           0.0           0.0         
              6        0 -3.475194E+00  1.486484E-15 -7.412415E+00 -9.129667E-20  0.0           1.409222E-18
              7        0 -5.982180E+00  5.455564E-15 -2.678259E+01 -6.168942E-20  0.0           2.437924E-18
              8        0 -7.487748E+00  1.107014E-14 -5.417746E+01 -3.084375E-20  0.0           3.055046E-18
              9        0 -1.831335E+00  3.763271E-16 -2.027580E+00 -1.214394E-19  0.0           7.417075E-19
             10        0 -7.863666E+00  1.423745E-14 -6.963003E+01 -1.543994E-20  0.0           3.209442E-18
             11        0 -4.852142E+00  3.214041E-15 -1.584773E+01 -7.729514E-20  0.0           1.975021E-18
             12        0 -6.860231E+00  8.108570E-15 -3.972734E+01 -4.629187E-20  0.0           2.797912E-18
             13        0 -2.358021E-14  1.750811E-14 -8.558464E+01  9.379189E-30  0.0           3.263362E-18
             14        0  3.475194E+00  1.486484E-15 -7.412415E+00  9.129667E-20  0.0           1.409222E-18
             15        0  5.982180E+00  5.455564E-15 -2.678259E+01  6.168942E-20  0.0           2.437924E-18
             16        0  7.487748E+00  1.107014E-14 -5.417746E+01  3.084375E-20  0.0           3.055046E-18
             17        0  1.831335E+00  3.763271E-16 -2.027580E+00  1.214394E-19  0.0           7.417075E-19
             18        0  7.863666E+00  1.423745E-14 -6.963003E+01  1.543994E-20  0.0           3.209442E-18
             19        0  4.852142E+00  3.214041E-15 -1.584773E+01  7.729514E-20  0.0           1.975021E-18
             20        0  6.860231E+00  8.108570E-15 -3.972734E+01  4.629187E-20  0.0           2.797912E-18
             21        0 -1.120779E-14  1.510037E-15 -7.309026E+00  1.607842E-30  0.0           1.412084E-18
             22        0 -4.901153E-15  4.044454E-16 -1.857947E+00  8.000544E-31  0.0           7.351561E-19
             23        0 -3.091379E-14  1.107786E-14 -5.413950E+01  6.352138E-30  0.0           3.057076E-18
             24        0 -3.054442E-14  1.424125E-14 -6.961262E+01  7.565719E-30  0.0           3.211249E-18
             25        0 -1.511111E-14  5.471003E-15 -2.670789E+01  3.329699E-30  0.0           2.439927E-18
             26        0 -1.666771E-14  3.233238E-15 -1.575124E+01  2.415211E-30  0.0           1.977039E-18
             27        0 -2.094909E-14  8.120141E-15 -3.967081E+01  4.957461E-30  0.0           2.799928E-18
                         ------------- ------------- ------------- ------------- ------------- -------------
                MAX* :    7.991032E+00  1.750811E-14  0.0           1.214394E-19  0.0           3.263362E-18
                MIN* :   -7.991032E+00  0.0          -8.559026E+01 -1.214394E-19  0.0           0.0         

                ABS* :    7.991032E+00  1.750811E-14  8.559026E+01  1.214394E-19  0.0           3.263362E-18
                *for output set


 OUTPUT FOR SUBCASE        1
 pyNastran for generating solverinput for for Mystran                                                                                                                                                                                                            
 Default                                                                                                                                                                                                                                                         

                                                          S P C   F O R C E S
                                              (in global coordinate system at each grid)
           GRID     COORD      T1            T2            T3            R1            R2            R3
                     SYS
              1        0  7.200000E+07 -2.671470E-10  2.089752E+07  1.672560E-06  0.0          -3.730606E-06
              2        0 -7.200000E+07 -2.671470E-10  2.089752E+07 -1.672560E-06  0.0          -3.730606E-06
              5        0  5.473935E-07 -1.265706E-09 -3.279503E+07 -3.235082E-18  0.0          -6.938789E-06
                         ------------- ------------- ------------- ------------- ------------- -------------
                MAX* :    7.200000E+07  0.0           2.089752E+07  1.672560E-06  0.0           0.0         
                MIN* :   -7.200000E+07 -1.265706E-09 -3.279503E+07 -1.672560E-06  0.0          -6.938789E-06

                ABS* :    7.200000E+07  1.265706E-09  3.279503E+07  1.672560E-06  0.0           6.938789E-06
                *for output set
                         ------------- ------------- ------------- ------------- ------------- -------------
     SPC FORCE TOTALS:    1.113638E-06 -1.800000E-09  9.000000E+06 -4.691767E-18  0.0          -1.440000E-05
     (for output set)

                                                    SPC Force Summary on AUTOSPC'd DOF's
                                                 (in global coordinate system at each grid)
        For detailed information on the SPC forces for the AUTOSPC DOF's, set field 7 (AUTOSPC_SPCF) on the PARAM AUTOSPC entry to Y

                              T1             T2             T3             R1             R2             R3

 ABS AUTOSPC FORCES  :   0.000000E+00   0.000000E+00   0.000000E+00   0.000000E+00   0.000000E+00   0.000000E+00
 AUTOSPC FORCE TOTALS:   0.000000E+00   0.000000E+00   0.000000E+00   0.000000E+00   0.000000E+00   0.000000E+00
     (for output set)


 OUTPUT FOR SUBCASE        1
 pyNastran for generating solverinput for for Mystran                                                                                                                                                                                                            
 Default                                                                                                                                                                                                                                                         

                                          E L E M E N T   S T R E S S E S   I N   L O C A L   E L E M E N T   C O O R D I N A T E   S Y S T E M
                                                                       F O R   E L E M E N T   T Y P E   Q U A D 4  
    Elem  Location       Fibre       Stresses In Element Coord System     Principal Stresses (Zero Shear)               Transverse   Transverse   % Poly
     ID                 Distance    Normal-X     Normal-Y     Shear-XY     Angle     Major        Minor      von Mises    Shear-XZ     Shear-YZ    Fit Err
                                                                                                                         (max through thickness)

        1  CENTER      -5.000E+02  1.70775E+02 -6.10200E+00 -9.00000E+00   -2.91  1.71231E+02 -6.55876E+00  1.74603E+02  2.15937E-15  2.36113E-16
                        5.000E+02  1.70775E+02 -6.10200E+00 -9.00000E+00   -2.91  1.71231E+02 -6.55876E+00  1.74603E+02

           GRD      14 -5.000E+02 -2.12509E+02 -1.21087E+02 -1.44059E+01  -81.25 -1.18871E+02 -2.14725E+02  1.86313E+02  1.68011E-15 -2.05840E-16  0.1E-12
                        5.000E+02 -2.12509E+02 -1.21087E+02 -1.44059E+01  -81.25 -1.18871E+02 -2.14725E+02  1.86313E+02

           GRD      17 -5.000E+02 -2.04565E+02 -9.46089E+01  2.15564E+02   52.15  7.28774E+01 -3.72052E+02  4.13337E+02  1.68011E-15  2.47224E-16  0.2E-12
                        5.000E+02 -2.04565E+02 -9.46089E+01  2.15564E+02   52.15  7.28774E+01 -3.72052E+02  4.13337E+02

           GRD      22 -5.000E+02 -2.12509E+02 -1.21087E+02 -1.44059E+01  -81.25 -1.18871E+02 -2.14725E+02  1.86313E+02  1.48150E-15  2.47224E-16  0.1E-12
                        5.000E+02 -2.12509E+02 -1.21087E+02 -1.44059E+01  -81.25 -1.18871E+02 -2.14725E+02  1.86313E+02

           GRD      21 -5.000E+02 -2.20452E+02 -1.47565E+02 -2.44376E+02  -49.24  6.30698E+01 -4.31087E+02  4.65835E+02  1.48150E-15 -2.05840E-16  0.1E-12
                        5.000E+02 -2.20452E+02 -1.47565E+02 -2.44376E+02  -49.24  6.30698E+01 -4.31087E+02  4.65835E+02

        2  CENTER      -5.000E+02  6.10200E+00 -1.70775E+02  9.00000E+00    2.91  6.55876E+00 -1.71231E+02  1.74603E+02  2.36113E-16  2.15937E-15
                        5.000E+02  6.10200E+00 -1.70775E+02  9.00000E+00    2.91  6.55876E+00 -1.71231E+02  1.74603E+02

           GRD       6 -5.000E+02  3.69931E+01 -1.61507E+02  2.77298E+02   35.15  2.32268E+02 -3.56782E+02  5.13917E+02  2.25002E-16  2.83724E-15 -0.1E-12
                        5.000E+02  3.69931E+01 -1.61507E+02  2.77298E+02   35.15  2.32268E+02 -3.56782E+02  5.13917E+02

           GRD      21 -5.000E+02 -6.15655E+01 -4.90036E+02  2.72665E+02   25.92  7.09597E+01 -6.22561E+02  6.60904E+02  2.25002E-16  2.63863E-15 -0.2E-12
                        5.000E+02 -6.15655E+01 -4.90036E+02  2.72665E+02   25.92  7.09597E+01 -6.22561E+02  6.60904E+02

           GRD      22 -5.000E+02  3.69931E+01 -1.61507E+02  2.77298E+02   35.15  2.32268E+02 -3.56782E+02  5.13917E+02  6.78066E-16  2.63863E-15 -0.1E-12
                        5.000E+02  3.69931E+01 -1.61507E+02  2.77298E+02   35.15  2.32268E+02 -3.56782E+02  5.13917E+02

           GRD       9 -5.000E+02  1.35552E+02  1.67021E+02  2.81932E+02   46.60  4.33657E+02 -1.31084E+02  5.11945E+02  6.78066E-16  2.83724E-15 -0.5E-13
                        5.000E+02  1.35552E+02  1.67021E+02  2.81932E+02   46.60  4.33657E+02 -1.31084E+02  5.11945E+02

        3  CENTER      -5.000E+02 -1.99564E+02 -2.42464E+01 -9.00000E+00  -87.07 -2.37856E+01 -2.00025E+02  1.89256E+02 -2.16110E-15  7.21264E-17
                        5.000E+02 -1.99564E+02 -2.42464E+01 -9.00000E+00  -87.07 -2.37856E+01 -2.00025E+02  1.89256E+02

           GRD       1 -5.000E+02  2.27431E+02  1.03852E+02  4.84308E+00    2.24  2.27621E+02  1.03663E+02  1.97386E+02 -1.73068E-15  6.15924E-16 -0.2E-12
                        5.000E+02  2.27431E+02  1.03852E+02  4.84308E+00    2.24  2.27621E+02  1.03663E+02  1.97386E+02

           GRD       9 -5.000E+02  2.07090E+02  3.60494E+01 -2.51354E+02  -35.60  3.87074E+02 -1.43935E+02  4.75665E+02 -1.73068E-15 -1.38052E-16 -0.3E-12
                        5.000E+02  2.07090E+02  3.60494E+01 -2.51354E+02  -35.60  3.87074E+02 -1.43935E+02  4.75665E+02

           GRD      22 -5.000E+02  2.27431E+02  1.03852E+02  4.84308E+00    2.24  2.27621E+02  1.03663E+02  1.97386E+02 -4.62029E-15 -1.38052E-16 -0.2E-12
                        5.000E+02  2.27431E+02  1.03852E+02  4.84308E+00    2.24  2.27621E+02  1.03663E+02  1.97386E+02

           GRD       5 -5.000E+02  2.47772E+02  1.71655E+02  2.61040E+02   40.85  4.73514E+02 -5.40865E+01  5.02744E+02 -4.62029E-15  6.15924E-16 -0.2E-12
                        5.000E+02  2.47772E+02  1.71655E+02  2.61040E+02   40.85  4.73514E+02 -5.40865E+01  5.02744E+02

        4  CENTER      -5.000E+02  2.42464E+01  1.99564E+02  9.00000E+00   87.07  2.00025E+02  2.37856E+01  1.89256E+02  7.21264E-17 -2.16110E-15
                        5.000E+02  2.42464E+01  1.99564E+02  9.00000E+00   87.07  2.00025E+02  2.37856E+01  1.89256E+02

           GRD       2 -5.000E+02 -5.48569E+01  1.75833E+02 -2.89897E+02  -55.85  3.72489E+02 -2.51513E+02  5.43776E+02  2.82304E-16  2.98086E-16  0.1E-12
                        5.000E+02 -5.48569E+01  1.75833E+02 -2.89897E+02  -55.85  3.72489E+02 -2.51513E+02  5.43776E+02

           GRD       5 -5.000E+02  5.49418E+01  5.41829E+02 -2.78031E+02  -65.60  6.67934E+02 -7.11631E+01  7.06210E+02  2.82304E-16 -2.59153E-15  0.1E-12
                        5.000E+02  5.49418E+01  5.41829E+02 -2.78031E+02  -65.60  6.67934E+02 -7.11631E+01  7.06210E+02

           GRD      22 -5.000E+02 -5.48569E+01  1.75833E+02 -2.89897E+02  -55.85  3.72489E+02 -2.51513E+02  5.43776E+02 -4.71671E-16 -2.59153E-15  0.1E-12
                        5.000E+02 -5.48569E+01  1.75833E+02 -2.89897E+02  -55.85  3.72489E+02 -2.51513E+02  5.43776E+02

           GRD      17 -5.000E+02 -1.64656E+02 -1.90163E+02 -3.01762E+02  -43.79  1.24622E+02 -4.79441E+02  5.52398E+02 -4.71671E-16  2.98086E-16 -0.1E-12
                        5.000E+02 -1.64656E+02 -1.90163E+02 -3.01762E+02  -43.79  1.24622E+02 -4.79441E+02  5.52398E+02

        5  CENTER      -5.000E+02  1.31013E+01 -9.07185E-01 -9.00000E+00  -26.05  1.75014E+01 -5.30730E+00  2.06725E+01  2.15955E-15 -4.24056E-17
                        5.000E+02  1.31013E+01 -9.07185E-01 -9.00000E+00  -26.05  1.75014E+01 -5.30730E+00  2.06725E+01

           GRD       4 -5.000E+02 -1.65955E+01 -9.81622E+00 -9.96242E+00  -54.40 -2.68258E+00 -2.37291E+01  2.25081E+01  1.97201E-15 -5.75514E-17  0.1E-12
                        5.000E+02 -1.65955E+01 -9.81622E+00 -9.96242E+00  -54.40 -2.68258E+00 -2.37291E+01  2.25081E+01

           GRD      18 -5.000E+02 -1.51813E+01 -5.10235E+00  7.85566E+00   61.34 -8.08681E-01 -1.94750E+01  1.90835E+01  1.97201E-15 -8.13247E-17  0.1E-12
                        5.000E+02 -1.51813E+01 -5.10235E+00  7.85566E+00   61.34 -8.08681E-01 -1.94750E+01  1.90835E+01

           GRD      24 -5.000E+02 -1.65955E+01 -9.81622E+00 -9.96242E+00  -54.40 -2.68258E+00 -2.37291E+01  2.25081E+01  1.51261E-15 -8.13247E-17  0.9E-13
                        5.000E+02 -1.65955E+01 -9.81622E+00 -9.96242E+00  -54.40 -2.68258E+00 -2.37291E+01  2.25081E+01

           GRD      13 -5.000E+02 -1.80097E+01 -1.45301E+01 -2.77805E+01  -46.79  1.15650E+01 -4.41048E+01  5.08828E+01  1.51261E-15 -5.75514E-17  0.5E-13
                        5.000E+02 -1.80097E+01 -1.45301E+01 -2.77805E+01  -46.79  1.15650E+01 -4.41048E+01  5.08828E+01

        6  CENTER      -5.000E+02  9.07185E-01 -1.31013E+01  9.00000E+00   26.05  5.30730E+00 -1.75014E+01  2.06725E+01 -4.24056E-17  2.15955E-15
                        5.000E+02  9.07185E-01 -1.31013E+01  9.00000E+00   26.05  5.30730E+00 -1.75014E+01  2.06725E+01

           GRD       3 -5.000E+02  6.40670E+00 -1.14514E+01  2.97878E+01   36.66  2.85749E+01 -3.36196E+01  5.39210E+01 -3.48638E-18  2.80648E-15  0.8E-12
                        5.000E+02  6.40670E+00 -1.14514E+01  2.97878E+01   36.66  2.85749E+01 -3.36196E+01  5.39210E+01

           GRD      13 -5.000E+02 -1.22961E+00 -3.69058E+01  2.89628E+01   29.19  1.49476E+01 -5.30831E+01  6.19250E+01 -3.48638E-18  2.34708E-15  0.2E-12
                        5.000E+02 -1.22961E+00 -3.69058E+01  2.89628E+01   29.19  1.49476E+01 -5.30831E+01  6.19250E+01

           GRD      24 -5.000E+02  6.40670E+00 -1.14514E+01  2.97878E+01   36.66  2.85749E+01 -3.36196E+01  5.39210E+01 -2.72598E-17  2.34708E-15  0.8E-12
                        5.000E+02  6.40670E+00 -1.14514E+01  2.97878E+01   36.66  2.85749E+01 -3.36196E+01  5.39210E+01

           GRD      10 -5.000E+02  1.40430E+01  1.40030E+01  3.06127E+01   44.98  4.46357E+01 -1.65897E+01  5.48457E+01 -2.72598E-17  2.80648E-15 -0.7E-12
                        5.000E+02  1.40430E+01  1.40030E+01  3.06127E+01   44.98  4.46357E+01 -1.65897E+01  5.48457E+01

        7  CENTER      -5.000E+02 -3.95416E+01 -2.34069E-01 -9.00000E+00  -77.70  1.72861E+00 -4.15043E+01  4.23950E+01 -2.15954E-15  1.10919E-18
                        5.000E+02 -3.95416E+01 -2.34069E-01 -9.00000E+00  -77.70  1.72861E+00 -4.15043E+01  4.23950E+01

           GRD       8 -5.000E+02  4.81077E+01  2.60607E+01 -1.06765E+01  -22.04  5.24304E+01  2.17380E+01  4.56262E+01 -2.00860E-15 -1.07795E-16 -0.3E-12
                        5.000E+02  4.81077E+01  2.60607E+01 -1.06765E+01  -22.04  5.24304E+01  2.17380E+01  4.56262E+01

           GRD      10 -5.000E+02  5.05711E+01  3.42722E+01 -6.32661E+01  -41.33  1.06210E+02 -2.13671E+01  1.18350E+02 -2.00860E-15  1.21199E-16 -0.4E-12
                        5.000E+02  5.05711E+01  3.42722E+01 -6.32661E+01  -41.33  1.06210E+02 -2.13671E+01  1.18350E+02

           GRD      24 -5.000E+02  4.81077E+01  2.60607E+01 -1.06765E+01  -22.04  5.24304E+01  2.17380E+01  4.56262E+01 -1.46313E-15  1.21199E-16 -0.4E-12
                        5.000E+02  4.81077E+01  2.60607E+01 -1.06765E+01  -22.04  5.24304E+01  2.17380E+01  4.56262E+01

           GRD      23 -5.000E+02  4.56442E+01  1.78492E+01  4.19131E+01   35.83  7.59038E+01 -1.24103E+01  8.28094E+01 -1.46313E-15 -1.07795E-16 -0.2E-12
                        5.000E+02  4.56442E+01  1.78492E+01  4.19131E+01   35.83  7.59038E+01 -1.24103E+01  8.28094E+01

        8  CENTER      -5.000E+02  2.34069E-01  3.95416E+01  9.00000E+00   77.70  4.15043E+01 -1.72861E+00  4.23950E+01  1.10919E-18 -2.15954E-15
                        5.000E+02  2.34069E-01  3.95416E+01  9.00000E+00   77.70  4.15043E+01 -1.72861E+00  4.23950E+01

           GRD      16 -5.000E+02  9.81414E+00  4.24156E+01 -5.23545E+01  -53.65  8.09484E+01 -2.87186E+01  9.84993E+01 -1.18981E-16 -2.85595E-15  0.8E-13
                        5.000E+02  9.81414E+00  4.24156E+01 -5.23545E+01  -53.65  8.09484E+01 -2.87186E+01  9.84993E+01

           GRD      23 -5.000E+02  3.23525E+01  1.17544E+02 -5.37915E+01  -64.19  1.43562E+02  6.33387E+00  1.40502E+02 -1.18981E-16 -2.31048E-15  0.2E-12
                        5.000E+02  3.23525E+01  1.17544E+02 -5.37915E+01  -64.19  1.43562E+02  6.33387E+00  1.40502E+02

           GRD      24 -5.000E+02  9.81414E+00  4.24156E+01 -5.23545E+01  -53.65  8.09484E+01 -2.87186E+01  9.84993E+01  1.10014E-16 -2.31048E-15  0.8E-13
                        5.000E+02  9.81414E+00  4.24156E+01 -5.23545E+01  -53.65  8.09484E+01 -2.87186E+01  9.84993E+01

           GRD      18 -5.000E+02 -1.27243E+01 -3.27123E+01 -5.09175E+01  -39.45  2.91707E+01 -7.46073E+01  9.27014E+01  1.10014E-16 -2.85595E-15  0.7E-13
                        5.000E+02 -1.27243E+01 -3.27123E+01 -5.09175E+01  -39.45  2.91707E+01 -7.46073E+01  9.27014E+01

        9  CENTER      -5.000E+02  3.90066E-01 -1.18537E+02  9.00000E+00    4.30  1.06730E+00 -1.19214E+02  1.19751E+02  7.71186E-18  2.15954E-15
                        5.000E+02  3.90066E-01 -1.18537E+02  9.00000E+00    4.30  1.06730E+00 -1.19214E+02  1.19751E+02

           GRD       7 -5.000E+02  1.05539E+01 -1.15488E+02  1.93436E+02   35.98  1.50976E+02 -2.55910E+02  3.56259E+02  1.01135E-16  2.85333E-15 -0.3E-12
                        5.000E+02  1.05539E+01 -1.15488E+02  1.93436E+02   35.98  1.50976E+02 -2.55910E+02  3.56259E+02

           GRD      25 -5.000E+02 -5.71983E+01 -3.41328E+02  1.91912E+02   26.74  3.95098E+01 -4.38036E+02  4.59068E+02  1.01135E-16  2.31734E-15  0.2E-11
                        5.000E+02 -5.71983E+01 -3.41328E+02  1.91912E+02   26.74  3.95098E+01 -4.38036E+02  4.59068E+02

           GRD      26 -5.000E+02  1.05539E+01 -1.15488E+02  1.93436E+02   35.98  1.50976E+02 -2.55910E+02  3.56259E+02 -8.75161E-17  2.31734E-15 -0.3E-12
                        5.000E+02  1.05539E+01 -1.15488E+02  1.93436E+02   35.98  1.50976E+02 -2.55910E+02  3.56259E+02

           GRD      11 -5.000E+02  7.83060E+01  1.10353E+02  1.94961E+02   47.35  2.89948E+02 -1.01289E+02  3.51707E+02 -8.75161E-17  2.85333E-15 -0.9E-13
                        5.000E+02  7.83060E+01  1.10353E+02  1.94961E+02   47.35  2.89948E+02 -1.01289E+02  3.51707E+02

       10  CENTER      -5.000E+02 -1.45040E+02 -1.53647E+00 -9.00000E+00  -86.43 -9.74227E-01 -1.45603E+02  1.45118E+02 -2.15956E-15 -5.46268E-17
                        5.000E+02 -1.45040E+02 -1.53647E+00 -9.00000E+00  -86.43 -9.74227E-01 -1.45603E+02  1.45118E+02

           GRD       6 -5.000E+02  1.76010E+02  9.47786E+01 -9.56247E+00   -6.62  1.77120E+02  9.36681E+01  1.53476E+02 -2.07590E-15 -2.44502E-16 -0.4E-12
                        5.000E+02  1.76010E+02  9.47786E+01 -9.56247E+00   -6.62  1.77120E+02  9.36681E+01  1.53476E+02

           GRD      11 -5.000E+02  1.76836E+02  9.75335E+01 -2.02193E+02  -39.45  3.43229E+02 -6.88590E+01  3.82337E+02 -2.07590E-15  1.69104E-16  0.6E-12
                        5.000E+02  1.76836E+02  9.75335E+01 -2.02193E+02  -39.45  3.43229E+02 -6.88590E+01  3.82337E+02

           GRD      26 -5.000E+02  1.76010E+02  9.47786E+01 -9.56247E+00   -6.62  1.77120E+02  9.36681E+01  1.53476E+02 -1.42533E-15  1.69104E-16  0.4E-12
                        5.000E+02  1.76010E+02  9.47786E+01 -9.56247E+00   -6.62  1.77120E+02  9.36681E+01  1.53476E+02

           GRD      21 -5.000E+02  1.75183E+02  9.20236E+01  1.83068E+02   38.60  3.21334E+02 -5.41268E+01  3.51536E+02 -1.42533E-15 -2.44502E-16 -0.1E-12
                        5.000E+02  1.75183E+02  9.20236E+01  1.83068E+02   38.60  3.21334E+02 -5.41268E+01  3.51536E+02

       11  CENTER      -5.000E+02  1.53647E+00  1.45040E+02  9.00000E+00   86.43  1.45603E+02  9.74227E-01  1.45118E+02 -5.46268E-17 -2.15956E-15
                        5.000E+02  1.53647E+00  1.45040E+02  9.00000E+00   86.43  1.45603E+02  9.74227E-01  1.45118E+02

           GRD      14 -5.000E+02  4.75056E+00  1.46005E+02 -2.15735E+02  -54.06  3.02379E+02 -1.51624E+02  4.00339E+02 -2.78358E-16 -2.89378E-15  0.2E-12
                        5.000E+02  4.75056E+00  1.46005E+02 -2.15735E+02  -54.06  3.02379E+02 -1.51624E+02  4.00339E+02

           GRD      21 -5.000E+02  8.73063E+01  4.21191E+02 -2.16217E+02  -63.84  5.27414E+02 -1.89174E+01  5.37123E+02 -2.78358E-16 -2.24321E-15  0.2E-13
                        5.000E+02  8.73063E+01  4.21191E+02 -2.16217E+02  -63.84  5.27414E+02 -1.89174E+01  5.37123E+02

           GRD      26 -5.000E+02  4.75056E+00  1.46005E+02 -2.15735E+02  -54.06  3.02379E+02 -1.51624E+02  4.00339E+02  1.35249E-16 -2.24321E-15  0.2E-12
                        5.000E+02  4.75056E+00  1.46005E+02 -2.15735E+02  -54.06  3.02379E+02 -1.51624E+02  4.00339E+02

           GRD      19 -5.000E+02 -7.78052E+01 -1.29181E+02 -2.15253E+02  -41.60  1.13287E+02 -3.20273E+02  3.89477E+02  1.35249E-16 -2.89378E-15  0.3E-13
                        5.000E+02 -7.78052E+01 -1.29181E+02 -2.15253E+02  -41.60  1.13287E+02 -3.20273E+02  3.89477E+02

       12  CENTER      -5.000E+02  1.18537E+02 -3.90066E-01 -9.00000E+00   -4.30  1.19214E+02 -1.06730E+00  1.19751E+02  2.15954E-15  7.71186E-18
                        5.000E+02  1.18537E+02 -3.90066E-01 -9.00000E+00   -4.30  1.19214E+02 -1.06730E+00  1.19751E+02

           GRD      15 -5.000E+02 -1.44943E+02 -7.94342E+01 -1.07787E+01  -80.89 -7.77063E+01 -1.46671E+02  1.27096E+02  2.00173E-15  1.02940E-16  0.4E-13
                        5.000E+02 -1.44943E+02 -7.94342E+01 -1.07787E+01  -80.89 -7.77063E+01 -1.46671E+02  1.27096E+02

           GRD      19 -5.000E+02 -1.42330E+02 -7.07224E+01  1.47310E+02   51.83  4.50721E+01 -2.58124E+02  2.83362E+02  2.00173E-15 -8.57117E-17  0.2E-12
                        5.000E+02 -1.42330E+02 -7.07224E+01  1.47310E+02   51.83  4.50721E+01 -2.58124E+02  2.83362E+02

           GRD      26 -5.000E+02 -1.44943E+02 -7.94342E+01 -1.07787E+01  -80.89 -7.77063E+01 -1.46671E+02  1.27096E+02  1.46574E-15 -8.57117E-17  0.6E-13
                        5.000E+02 -1.44943E+02 -7.94342E+01 -1.07787E+01  -80.89 -7.77063E+01 -1.46671E+02  1.27096E+02

           GRD      25 -5.000E+02 -1.47557E+02 -8.81460E+01 -1.68867E+02  -49.99  5.36083E+01 -2.89311E+02  3.19506E+02  1.46574E-15  1.02940E-16  0.1E-12
                        5.000E+02 -1.47557E+02 -8.81460E+01 -1.68867E+02  -49.99  5.36083E+01 -2.89311E+02  3.19506E+02

       13  CENTER      -5.000E+02  6.58647E+01 -8.18286E-02 -9.00000E+00   -7.63  6.70709E+01 -1.28803E+00  6.77241E+01  2.15954E-15  2.34298E-19
                        5.000E+02  6.58647E+01 -8.18286E-02 -9.00000E+00   -7.63  6.70709E+01 -1.28803E+00  6.77241E+01

           GRD      16 -5.000E+02 -8.04476E+01 -4.39755E+01 -1.05150E+01  -75.02 -4.11612E+01 -8.32619E+01  7.21084E+01  2.00998E-15  1.09444E-16  0.2E-12
                        5.000E+02 -8.04476E+01 -4.39755E+01 -1.05150E+01  -75.02 -4.11612E+01 -8.32619E+01  7.21084E+01

           GRD      20 -5.000E+02 -7.82214E+01 -3.65551E+01  7.72724E+01   52.54  2.26432E+01 -1.37420E+02  1.50028E+02  2.00998E-15 -1.09634E-16  0.3E-12
                        5.000E+02 -7.82214E+01 -3.65551E+01  7.72724E+01   52.54  2.26432E+01 -1.37420E+02  1.50028E+02

           GRD      27 -5.000E+02 -8.04476E+01 -4.39755E+01 -1.05150E+01  -75.02 -4.11612E+01 -8.32619E+01  7.21084E+01  1.46082E-15 -1.09634E-16  0.1E-12
                        5.000E+02 -8.04476E+01 -4.39755E+01 -1.05150E+01  -75.02 -4.11612E+01 -8.32619E+01  7.21084E+01

           GRD      23 -5.000E+02 -8.26737E+01 -5.13959E+01 -9.83024E+01  -49.52  3.25038E+01 -1.66573E+02  1.84980E+02  1.46082E-15  1.09444E-16  0.7E-13
                        5.000E+02 -8.26737E+01 -5.13959E+01 -9.83024E+01  -49.52  3.25038E+01 -1.66573E+02  1.84980E+02

       14  CENTER      -5.000E+02  8.18286E-02 -6.58647E+01  9.00000E+00    7.63  1.28803E+00 -6.70709E+01  6.77241E+01  2.34298E-19  2.15954E-15
                        5.000E+02  8.18286E-02 -6.58647E+01  9.00000E+00    7.63  1.28803E+00 -6.70709E+01  6.77241E+01

           GRD       8 -5.000E+02  8.73899E+00 -6.32676E+01  1.11419E+02   36.05  8.98269E+01 -1.44355E+02  2.04632E+02  1.10102E-16  2.85826E-15 -0.2E-12
                        5.000E+02  8.73899E+00 -6.32676E+01  1.11419E+02   36.05  8.98269E+01 -1.44355E+02  2.04632E+02

           GRD      23 -5.000E+02 -2.88842E+01 -1.88678E+02  1.10120E+02   27.02  2.72701E+01 -2.44832E+02  2.59544E+02  1.10102E-16  2.30910E-15 -0.1E-12
                        5.000E+02 -2.88842E+01 -1.88678E+02  1.10120E+02   27.02  2.72701E+01 -2.44832E+02  2.59544E+02

           GRD      27 -5.000E+02  8.73899E+00 -6.32676E+01  1.11419E+02   36.05  8.98269E+01 -1.44355E+02  2.04632E+02 -1.08975E-16  2.30910E-15 -0.1E-12
                        5.000E+02  8.73899E+00 -6.32676E+01  1.11419E+02   36.05  8.98269E+01 -1.44355E+02  2.04632E+02

           GRD      12 -5.000E+02  4.63622E+01  6.21429E+01  1.12717E+02   47.00  1.67246E+02 -5.87405E+01  2.03090E+02 -1.08975E-16  2.85826E-15 -0.6E-13
                        5.000E+02  4.63622E+01  6.21429E+01  1.12717E+02   47.00  1.67246E+02 -5.87405E+01  2.03090E+02

       15  CENTER      -5.000E+02 -9.22288E+01 -1.11683E-01 -9.00000E+00  -84.47  7.59395E-01 -9.30999E+01  9.34819E+01 -2.15954E-15 -8.96471E-19
                        5.000E+02 -9.22288E+01 -1.11683E-01 -9.00000E+00  -84.47  7.59395E-01 -9.30999E+01  9.34819E+01

           GRD       7 -5.000E+02  1.12498E+02  6.13064E+01 -1.04833E+01  -11.14  1.14562E+02  5.92427E+01  9.92328E+01 -2.01054E-15 -1.12777E-16 -0.3E-12
                        5.000E+02  1.12498E+02  6.13064E+01 -1.04833E+01  -11.14  1.14562E+02  5.92427E+01  9.92328E+01

           GRD      12 -5.000E+02  1.14678E+02  6.85717E+01 -1.33319E+02  -40.09  2.26923E+02 -4.36732E+01  2.51618E+02 -2.01054E-15  1.10256E-16 -0.5E-12
                        5.000E+02  1.14678E+02  6.85717E+01 -1.33319E+02  -40.09  2.26923E+02 -4.36732E+01  2.51618E+02

           GRD      27 -5.000E+02  1.12498E+02  6.13064E+01 -1.04833E+01  -11.14  1.14562E+02  5.92427E+01  9.92328E+01 -1.46132E-15  1.10256E-16 -0.3E-12
                        5.000E+02  1.12498E+02  6.13064E+01 -1.04833E+01  -11.14  1.14562E+02  5.92427E+01  9.92328E+01

           GRD      25 -5.000E+02  1.10318E+02  5.40411E+01  1.12353E+02   37.97  1.98003E+02 -3.36431E+01  2.16791E+02 -1.46132E-15 -1.12777E-16 -0.4E-12
                        5.000E+02  1.10318E+02  5.40411E+01  1.12353E+02   37.97  1.98003E+02 -3.36431E+01  2.16791E+02

       16  CENTER      -5.000E+02  1.11683E-01  9.22288E+01  9.00000E+00   84.47  9.30999E+01 -7.59395E-01  9.34819E+01 -8.96471E-19 -2.15954E-15
                        5.000E+02  1.11683E-01  9.22288E+01  9.00000E+00   84.47  9.30999E+01 -7.59395E-01  9.34819E+01

           GRD      15 -5.000E+02  8.58787E+00  9.47717E+01 -1.34309E+02  -53.89  1.92732E+02 -8.93726E+01  2.49716E+02 -1.12049E-16 -2.85776E-15  0.2E-12
                        5.000E+02  8.58787E+00  9.47717E+01 -1.34309E+02  -53.89  1.92732E+02 -8.93726E+01  2.49716E+02

           GRD      25 -5.000E+02  6.12319E+01  2.70252E+02 -1.35580E+02  -63.81  3.36927E+02 -5.44320E+00  3.39681E+02 -1.12049E-16 -2.30854E-15  0.1E-12
                        5.000E+02  6.12319E+01  2.70252E+02 -1.35580E+02  -63.81  3.36927E+02 -5.44320E+00  3.39681E+02

           GRD      27 -5.000E+02  8.58787E+00  9.47717E+01 -1.34309E+02  -53.89  1.92732E+02 -8.93726E+01  2.49716E+02  1.10984E-16 -2.30854E-15  0.2E-12
                        5.000E+02  8.58787E+00  9.47717E+01 -1.34309E+02  -53.89  1.92732E+02 -8.93726E+01  2.49716E+02

           GRD      20 -5.000E+02 -4.40562E+01 -8.07085E+01 -1.33037E+02  -41.08  7.19113E+01 -1.96676E+02  2.40823E+02  1.10984E-16 -2.85776E-15  0.8E-13
                        5.000E+02 -4.40562E+01 -8.07085E+01 -1.33037E+02  -41.08  7.19113E+01 -1.96676E+02  2.40823E+02
                                  ------------ ------------ ------------         ------------ ------------ ------------ ------------ ------------ --------
 MAX* :                            2.47772E+02  5.41829E+02  2.81932E+02          6.67934E+02  1.03663E+02  7.06210E+02  2.15955E-15  2.85826E-15  0.2E-11
 MIN* :                           -2.20452E+02 -4.90036E+02 -3.01762E+02         -1.18871E+02 -6.22561E+02  1.90835E+01 -4.62029E-15 -2.89378E-15 -0.7E-12

 ABS* :                            2.47772E+02  5.41829E+02  3.01762E+02          6.67934E+02  6.22561E+02  7.06210E+02  4.62029E-15  2.89378E-15  0.2E-11
 *for output set

 >> LINK  9 END

    Total CPU time =  4.69E-02 seconds

 >> MYSTRAN END    :  9/29/2024 at 12: 6:45.954
