   929120428

 MYSTRAN Version 15.2.0   Apr 07 2024 MYSTRAN developed by Dr Bill Case
*** Please report any problems to mystransolver@gmail.com ***                                                                                                                                                                                                   

 >> MYSTRAN BEGIN  :  9/29/2024 at 12: 4:28.855 The input file is tria3.bdf                                                                                                                                                                                                                                                       


 >> LINK  0 BEGIN

 *WARNING    : BE CAREFUL WITH LINES THAT BEGIN WITH A $ SIGN IN COL 1 FOLLOWED BY AN UPPER CASE LETTER IN EXEC OR CASE CONTROL.
               THE LINE CAN BE MISINTERPRETED AS A DIRECTIVE FOR THE BANDIT GRID RESEQUENCING ALGORITHM.
               SEE THE BANDIT.PDF FILE INSTALLED WHEN YOU RAN SETUP.EXE TO INSTALL MYSTRAN
              CEND                                                                                                                                                                                                                                                            
 *INFORMATION: ALL SUBCASES WILL USE "CORNER  " AS THE LOCATION OF STRESS OUTPUTS FOR PSHELL QUAD4 ELEMENTS
               SINCE THIS WAS THE FIRST REQUEST, OTHER THAN DEFAULT "CENTER  ", DETECTED
 *INFORMATION: MAT1 ENTRY        1 HAD FIELD FOR G  BLANK. MYSTRAN CALCULATED G  =  8.076923E+04
 *INFORMATION: NUMBER OF GRID's (INCL SPOINT's) FOR ANY ELEMENT IN THIS MODEL IS     <=            3
 *INFORMATION: NUMBER OF DOF's  FOR ANY ELEMENT IN THIS MODEL IS                     <=           18

 *INFORMATION: SPARSE MATRICES ARE STORED IN NONSYM FORMAT

 *INFORMATION: ARRAY KEG                             IS NOT IN THE LIST OF NAMES IN ARRAY "ALLOCATED_ARRAY_DATA" SO THAT SUBR,
               ALLOCATED_MEMORY                CANNOT CALC DATA FOR ARRAY "ALLOCATED_ARRAY_MEM".
               THIS IS NOT A PROBLEM WITH THIS RUN, ONLY SOMETHING NEEDING ATTENTION BY THE AUTHOR
 *INFORMATION: ARRAY OFFDIS_O                        IS NOT IN THE LIST OF NAMES IN ARRAY "ALLOCATED_ARRAY_DATA" SO THAT SUBR,
               ALLOCATED_MEMORY                CANNOT CALC DATA FOR ARRAY "ALLOCATED_ARRAY_MEM".
               THIS IS NOT A PROBLEM WITH THIS RUN, ONLY SOMETHING NEEDING ATTENTION BY THE AUTHOR
 *INFORMATION: ARRAY OFFDIS_B                        IS NOT IN THE LIST OF NAMES IN ARRAY "ALLOCATED_ARRAY_DATA" SO THAT SUBR,
               ALLOCATED_MEMORY                CANNOT CALC DATA FOR ARRAY "ALLOCATED_ARRAY_MEM".
               THIS IS NOT A PROBLEM WITH THIS RUN, ONLY SOMETHING NEEDING ATTENTION BY THE AUTHOR
 *INFORMATION: ARRAY OFFDIS_G                        IS NOT IN THE LIST OF NAMES IN ARRAY "ALLOCATED_ARRAY_DATA" SO THAT SUBR,
               ALLOCATED_MEMORY                CANNOT CALC DATA FOR ARRAY "ALLOCATED_ARRAY_MEM".
               THIS IS NOT A PROBLEM WITH THIS RUN, ONLY SOMETHING NEEDING ATTENTION BY THE AUTHOR
 *INFORMATION: NUMBER OF GRID POINTS                                                  =          546
 *INFORMATION: NUMBER OF G SET DEGREES OF FREEDOM (NDOFG)                             =         3276

 *INFORMATION: TOTAL NUMBER OF ELEMENTS (NELE)                                        =          968

 *INFORMATION: ARRAY KEG                             IS NOT IN THE LIST OF NAMES IN ARRAY "ALLOCATED_ARRAY_DATA" SO THAT SUBR,
               ALLOCATED_MEMORY                CANNOT CALC DATA FOR ARRAY "ALLOCATED_ARRAY_MEM".
               THIS IS NOT A PROBLEM WITH THIS RUN, ONLY SOMETHING NEEDING ATTENTION BY THE AUTHOR
 *INFORMATION: ARRAY OFFDIS_O                        IS NOT IN THE LIST OF NAMES IN ARRAY "ALLOCATED_ARRAY_DATA" SO THAT SUBR,
               ALLOCATED_MEMORY                CANNOT CALC DATA FOR ARRAY "ALLOCATED_ARRAY_MEM".
               THIS IS NOT A PROBLEM WITH THIS RUN, ONLY SOMETHING NEEDING ATTENTION BY THE AUTHOR
 *INFORMATION: ARRAY OFFDIS_B                        IS NOT IN THE LIST OF NAMES IN ARRAY "ALLOCATED_ARRAY_DATA" SO THAT SUBR,
               ALLOCATED_MEMORY                CANNOT CALC DATA FOR ARRAY "ALLOCATED_ARRAY_MEM".
               THIS IS NOT A PROBLEM WITH THIS RUN, ONLY SOMETHING NEEDING ATTENTION BY THE AUTHOR
 *INFORMATION: ARRAY OFFDIS_G                        IS NOT IN THE LIST OF NAMES IN ARRAY "ALLOCATED_ARRAY_DATA" SO THAT SUBR,
               ALLOCATED_MEMORY                CANNOT CALC DATA FOR ARRAY "ALLOCATED_ARRAY_MEM".
               THIS IS NOT A PROBLEM WITH THIS RUN, ONLY SOMETHING NEEDING ATTENTION BY THE AUTHOR

 >> LINK  1 BEGIN

 *INFORMATION: ARRAY KEG                             IS NOT IN THE LIST OF NAMES IN ARRAY "ALLOCATED_ARRAY_DATA" SO THAT SUBR,
               ALLOCATED_MEMORY                CANNOT CALC DATA FOR ARRAY "ALLOCATED_ARRAY_MEM".
               THIS IS NOT A PROBLEM WITH THIS RUN, ONLY SOMETHING NEEDING ATTENTION BY THE AUTHOR
 *INFORMATION: ARRAY OFFDIS_O                        IS NOT IN THE LIST OF NAMES IN ARRAY "ALLOCATED_ARRAY_DATA" SO THAT SUBR,
               ALLOCATED_MEMORY                CANNOT CALC DATA FOR ARRAY "ALLOCATED_ARRAY_MEM".
               THIS IS NOT A PROBLEM WITH THIS RUN, ONLY SOMETHING NEEDING ATTENTION BY THE AUTHOR
 *INFORMATION: ARRAY OFFDIS_B                        IS NOT IN THE LIST OF NAMES IN ARRAY "ALLOCATED_ARRAY_DATA" SO THAT SUBR,
               ALLOCATED_MEMORY                CANNOT CALC DATA FOR ARRAY "ALLOCATED_ARRAY_MEM".
               THIS IS NOT A PROBLEM WITH THIS RUN, ONLY SOMETHING NEEDING ATTENTION BY THE AUTHOR
 *INFORMATION: ARRAY OFFDIS_G                        IS NOT IN THE LIST OF NAMES IN ARRAY "ALLOCATED_ARRAY_DATA" SO THAT SUBR,
               ALLOCATED_MEMORY                CANNOT CALC DATA FOR ARRAY "ALLOCATED_ARRAY_MEM".
               THIS IS NOT A PROBLEM WITH THIS RUN, ONLY SOMETHING NEEDING ATTENTION BY THE AUTHOR
 *INFORMATION: IN EMPO_0: ESTIMATE OF NUMBER OF NONZEROS IN MASS MATRIX MGGE IS       =       313632 BASED ON PARAM SETLKTM =   0
 *INFORMATION: NUMBER OF NONZERO TERMS IN THE MGGE MASS MATRIX (ELEMS) IS             =            0

 *INFORMATION: IN ESPO_0: ESTIMATE OF NUMBER OF NONZEROS IN STIFF MATRIX KGG IS       =       313632 BASED ON PARAM SETLKTK =   0
               ALLOCATED    1.31E-02 MB MEMORY TO   ARRAY STFKEY
               ALLOCATED    5.02E+00 MB MEMORY TO   ARRAY STF3
 *WARNING    : ASPECT RATIO OF TRIA3    ELEMENT      140 IS:    2.3. IT SHOULD BE <  2.
 *WARNING    : ASPECT RATIO OF TRIA3    ELEMENT      249 IS:    2.5. IT SHOULD BE <  2.
 *WARNING    : ASPECT RATIO OF TRIA3    ELEMENT      253 IS:    2.1. IT SHOULD BE <  2.
 *WARNING    : ASPECT RATIO OF TRIA3    ELEMENT      283 IS:    2.1. IT SHOULD BE <  2.
 *WARNING    : ASPECT RATIO OF TRIA3    ELEMENT      387 IS:    2.2. IT SHOULD BE <  2.
 *WARNING    : ASPECT RATIO OF TRIA3    ELEMENT      659 IS:    2.2. IT SHOULD BE <  2.
 *WARNING    : ASPECT RATIO OF TRIA3    ELEMENT      670 IS:    2.1. IT SHOULD BE <  2.
 *WARNING    : ASPECT RATIO OF TRIA3    ELEMENT      725 IS:    2.1. IT SHOULD BE <  2.
               ALLOCATED    5.02E+00 MB MEMORY TO   ARRAY STF3
 *INFORMATION: NUMBER OF NONZERO TERMS IN THE KGG STIFFNESS MATRIX IS                 =        46434

 *INFORMATION: MAX NUMBER OF NONZERO TERMS IN A ROW OF THE G-SET STIFFNESS MATRIX     =           27

 *INFORMATION: ARRAY KEG                             IS NOT IN THE LIST OF NAMES IN ARRAY "ALLOCATED_ARRAY_DATA" SO THAT SUBR,
               ALLOCATED_MEMORY                CANNOT CALC DATA FOR ARRAY "ALLOCATED_ARRAY_MEM".
               THIS IS NOT A PROBLEM WITH THIS RUN, ONLY SOMETHING NEEDING ATTENTION BY THE AUTHOR
 *INFORMATION: ARRAY OFFDIS_O                        IS NOT IN THE LIST OF NAMES IN ARRAY "ALLOCATED_ARRAY_DATA" SO THAT SUBR,
               ALLOCATED_MEMORY                CANNOT CALC DATA FOR ARRAY "ALLOCATED_ARRAY_MEM".
               THIS IS NOT A PROBLEM WITH THIS RUN, ONLY SOMETHING NEEDING ATTENTION BY THE AUTHOR
 *INFORMATION: ARRAY OFFDIS_B                        IS NOT IN THE LIST OF NAMES IN ARRAY "ALLOCATED_ARRAY_DATA" SO THAT SUBR,
               ALLOCATED_MEMORY                CANNOT CALC DATA FOR ARRAY "ALLOCATED_ARRAY_MEM".
               THIS IS NOT A PROBLEM WITH THIS RUN, ONLY SOMETHING NEEDING ATTENTION BY THE AUTHOR
 *INFORMATION: ARRAY OFFDIS_G                        IS NOT IN THE LIST OF NAMES IN ARRAY "ALLOCATED_ARRAY_DATA" SO THAT SUBR,
               ALLOCATED_MEMORY                CANNOT CALC DATA FOR ARRAY "ALLOCATED_ARRAY_MEM".
               THIS IS NOT A PROBLEM WITH THIS RUN, ONLY SOMETHING NEEDING ATTENTION BY THE AUTHOR

 >> LINK  2 BEGIN

 *INFORMATION: ARRAY KAAD   IS NOT IN THE LIST OF NAMES IN ARRAY "ALLOCATED_ARRAY_DATA" SO THAT SUBR,
               ALLOCATED_MEMORY                CANNOT CALC DATA FOR ARRAY "ALLOCATED_ARRAY_MEM".
               THIS IS NOT A PROBLEM WITH THIS RUN, ONLY SOMETHING NEEDING ATTENTION BY THE AUTHOR
 *INFORMATION: ARRAY KAOD   IS NOT IN THE LIST OF NAMES IN ARRAY "ALLOCATED_ARRAY_DATA" SO THAT SUBR,
               ALLOCATED_MEMORY                CANNOT CALC DATA FOR ARRAY "ALLOCATED_ARRAY_MEM".
               THIS IS NOT A PROBLEM WITH THIS RUN, ONLY SOMETHING NEEDING ATTENTION BY THE AUTHOR
 *INFORMATION: ARRAY KFFD   IS NOT IN THE LIST OF NAMES IN ARRAY "ALLOCATED_ARRAY_DATA" SO THAT SUBR,
               ALLOCATED_MEMORY                CANNOT CALC DATA FOR ARRAY "ALLOCATED_ARRAY_MEM".
               THIS IS NOT A PROBLEM WITH THIS RUN, ONLY SOMETHING NEEDING ATTENTION BY THE AUTHOR
 *INFORMATION: ARRAY KFSD   IS NOT IN THE LIST OF NAMES IN ARRAY "ALLOCATED_ARRAY_DATA" SO THAT SUBR,
               ALLOCATED_MEMORY                CANNOT CALC DATA FOR ARRAY "ALLOCATED_ARRAY_MEM".
               THIS IS NOT A PROBLEM WITH THIS RUN, ONLY SOMETHING NEEDING ATTENTION BY THE AUTHOR
 *INFORMATION: ARRAY KFSDe  IS NOT IN THE LIST OF NAMES IN ARRAY "ALLOCATED_ARRAY_DATA" SO THAT SUBR,
               ALLOCATED_MEMORY                CANNOT CALC DATA FOR ARRAY "ALLOCATED_ARRAY_MEM".
               THIS IS NOT A PROBLEM WITH THIS RUN, ONLY SOMETHING NEEDING ATTENTION BY THE AUTHOR
 *INFORMATION: ARRAY KLLD   IS NOT IN THE LIST OF NAMES IN ARRAY "ALLOCATED_ARRAY_DATA" SO THAT SUBR,
               ALLOCATED_MEMORY                CANNOT CALC DATA FOR ARRAY "ALLOCATED_ARRAY_MEM".
               THIS IS NOT A PROBLEM WITH THIS RUN, ONLY SOMETHING NEEDING ATTENTION BY THE AUTHOR
 *INFORMATION: ARRAY KLLDn  IS NOT IN THE LIST OF NAMES IN ARRAY "ALLOCATED_ARRAY_DATA" SO THAT SUBR,
               ALLOCATED_MEMORY                CANNOT CALC DATA FOR ARRAY "ALLOCATED_ARRAY_MEM".
               THIS IS NOT A PROBLEM WITH THIS RUN, ONLY SOMETHING NEEDING ATTENTION BY THE AUTHOR
 *INFORMATION: ARRAY KMMD   IS NOT IN THE LIST OF NAMES IN ARRAY "ALLOCATED_ARRAY_DATA" SO THAT SUBR,
               ALLOCATED_MEMORY                CANNOT CALC DATA FOR ARRAY "ALLOCATED_ARRAY_MEM".
               THIS IS NOT A PROBLEM WITH THIS RUN, ONLY SOMETHING NEEDING ATTENTION BY THE AUTHOR
 *INFORMATION: ARRAY KMND   IS NOT IN THE LIST OF NAMES IN ARRAY "ALLOCATED_ARRAY_DATA" SO THAT SUBR,
               ALLOCATED_MEMORY                CANNOT CALC DATA FOR ARRAY "ALLOCATED_ARRAY_MEM".
               THIS IS NOT A PROBLEM WITH THIS RUN, ONLY SOMETHING NEEDING ATTENTION BY THE AUTHOR
 *INFORMATION: ARRAY KNMD   IS NOT IN THE LIST OF NAMES IN ARRAY "ALLOCATED_ARRAY_DATA" SO THAT SUBR,
               ALLOCATED_MEMORY                CANNOT CALC DATA FOR ARRAY "ALLOCATED_ARRAY_MEM".
               THIS IS NOT A PROBLEM WITH THIS RUN, ONLY SOMETHING NEEDING ATTENTION BY THE AUTHOR
 *INFORMATION: ARRAY KNND   IS NOT IN THE LIST OF NAMES IN ARRAY "ALLOCATED_ARRAY_DATA" SO THAT SUBR,
               ALLOCATED_MEMORY                CANNOT CALC DATA FOR ARRAY "ALLOCATED_ARRAY_MEM".
               THIS IS NOT A PROBLEM WITH THIS RUN, ONLY SOMETHING NEEDING ATTENTION BY THE AUTHOR
 *INFORMATION: ARRAY KOOD   IS NOT IN THE LIST OF NAMES IN ARRAY "ALLOCATED_ARRAY_DATA" SO THAT SUBR,
               ALLOCATED_MEMORY                CANNOT CALC DATA FOR ARRAY "ALLOCATED_ARRAY_MEM".
               THIS IS NOT A PROBLEM WITH THIS RUN, ONLY SOMETHING NEEDING ATTENTION BY THE AUTHOR
 *INFORMATION: ARRAY KOODs  IS NOT IN THE LIST OF NAMES IN ARRAY "ALLOCATED_ARRAY_DATA" SO THAT SUBR,
               ALLOCATED_MEMORY                CANNOT CALC DATA FOR ARRAY "ALLOCATED_ARRAY_MEM".
               THIS IS NOT A PROBLEM WITH THIS RUN, ONLY SOMETHING NEEDING ATTENTION BY THE AUTHOR
 *INFORMATION: ARRAY KRLD   IS NOT IN THE LIST OF NAMES IN ARRAY "ALLOCATED_ARRAY_DATA" SO THAT SUBR,
               ALLOCATED_MEMORY                CANNOT CALC DATA FOR ARRAY "ALLOCATED_ARRAY_MEM".
               THIS IS NOT A PROBLEM WITH THIS RUN, ONLY SOMETHING NEEDING ATTENTION BY THE AUTHOR
 *INFORMATION: ARRAY KRRD   IS NOT IN THE LIST OF NAMES IN ARRAY "ALLOCATED_ARRAY_DATA" SO THAT SUBR,
               ALLOCATED_MEMORY                CANNOT CALC DATA FOR ARRAY "ALLOCATED_ARRAY_MEM".
               THIS IS NOT A PROBLEM WITH THIS RUN, ONLY SOMETHING NEEDING ATTENTION BY THE AUTHOR
 *INFORMATION: ARRAY KSSD   IS NOT IN THE LIST OF NAMES IN ARRAY "ALLOCATED_ARRAY_DATA" SO THAT SUBR,
               ALLOCATED_MEMORY                CANNOT CALC DATA FOR ARRAY "ALLOCATED_ARRAY_MEM".
               THIS IS NOT A PROBLEM WITH THIS RUN, ONLY SOMETHING NEEDING ATTENTION BY THE AUTHOR
 *INFORMATION: ARRAY KSSDe  IS NOT IN THE LIST OF NAMES IN ARRAY "ALLOCATED_ARRAY_DATA" SO THAT SUBR,
               ALLOCATED_MEMORY                CANNOT CALC DATA FOR ARRAY "ALLOCATED_ARRAY_MEM".
               THIS IS NOT A PROBLEM WITH THIS RUN, ONLY SOMETHING NEEDING ATTENTION BY THE AUTHOR
 *INFORMATION: ARRAY PHIXG  IS NOT IN THE LIST OF NAMES IN ARRAY "ALLOCATED_ARRAY_DATA" SO THAT SUBR,
               ALLOCATED_MEMORY                CANNOT CALC DATA FOR ARRAY "ALLOCATED_ARRAY_MEM".
               THIS IS NOT A PROBLEM WITH THIS RUN, ONLY SOMETHING NEEDING ATTENTION BY THE AUTHOR
 *INFORMATION: BASED ON PARAMETER AUTOSPC_NSET =  3 MYSTRAN IS CHECKING KNN TO SEE IF THERE ARE NULL ROWS THAT SHOULD BE AUTOSPC'd

 *INFORMATION: MYSTRAN FOUND NO N-SET DOF's THAT WERE SINGULAR AND THAT WERE NOT ALREADY MEMBERS OF THE S-SET

 *INFORMATION: BASED ON PARAMETER AUTOSPC_NSET =  3 MYSTRAN IS CHECKING KNN TO SEE IF THERE ARE DOF's THAT ARE NOT ALREADY IN THE
               S-SET BUT SHOULD BE AUTOSPC'd BASED ON SMALL DIAGONAL TERMS WHOSE RATIO WITH MAX DIAGONAL TERM IS <  1.000000E-08

 *INFORMATION: MYSTRAN FOUND NO N-SET DOF's THAT HAD SMALL DIAG TERMS (RATIO TO MAX DIAG TERM <    1.000000E-08)
               AND THAT WERE NOT ALREADY MEMBERS OF THE S-SET

 *INFORMATION: NUMBER OF  M SET DEGREES OF FREEDOM (NDOFM)                            =            0
 *INFORMATION: NUMBER OF  N SET DEGREES OF FREEDOM (NDOFN)                            =         3276
 *INFORMATION: NUMBER OF  S SET DEGREES OF FREEDOM (NDOFS)                            =          586
 *INFORMATION: NUMBER OF SA SET DEGREES OF FREEDOM (NDOFSA)                           =          538
 *INFORMATION: NUMBER OF  F SET DEGREES OF FREEDOM (NDOFF)                            =         2690
 *INFORMATION: NUMBER OF  O SET DEGREES OF FREEDOM (NDOFO)                            =            0
 *INFORMATION: NUMBER OF  A SET DEGREES OF FREEDOM (NDOFA)                            =         2690
 *INFORMATION: NUMBER OF  R SET DEGREES OF FREEDOM (NDOFR)                            =            0
 *INFORMATION: NUMBER OF  L SET DEGREES OF FREEDOM (NDOFL)                            =         2690

 *INFORMATION: NUMBER OF NONZERO TERMS IN THE KLL STIFFNESS MATRIX IS                 =        45732

 *INFORMATION: NUMBER OF NONZERO TERMS IN THE MLL MASS MATRIX IS                      =            0

 *INFORMATION: NUMBER OF NONZERO TERMS IN THE PL LOAD MATRIX IS                       =           16

 *INFORMATION: ARRAY KAAD   IS NOT IN THE LIST OF NAMES IN ARRAY "ALLOCATED_ARRAY_DATA" SO THAT SUBR,
               ALLOCATED_MEMORY                CANNOT CALC DATA FOR ARRAY "ALLOCATED_ARRAY_MEM".
               THIS IS NOT A PROBLEM WITH THIS RUN, ONLY SOMETHING NEEDING ATTENTION BY THE AUTHOR
 *INFORMATION: ARRAY KAOD   IS NOT IN THE LIST OF NAMES IN ARRAY "ALLOCATED_ARRAY_DATA" SO THAT SUBR,
               ALLOCATED_MEMORY                CANNOT CALC DATA FOR ARRAY "ALLOCATED_ARRAY_MEM".
               THIS IS NOT A PROBLEM WITH THIS RUN, ONLY SOMETHING NEEDING ATTENTION BY THE AUTHOR
 *INFORMATION: ARRAY KFFD   IS NOT IN THE LIST OF NAMES IN ARRAY "ALLOCATED_ARRAY_DATA" SO THAT SUBR,
               ALLOCATED_MEMORY                CANNOT CALC DATA FOR ARRAY "ALLOCATED_ARRAY_MEM".
               THIS IS NOT A PROBLEM WITH THIS RUN, ONLY SOMETHING NEEDING ATTENTION BY THE AUTHOR
 *INFORMATION: ARRAY KFSD   IS NOT IN THE LIST OF NAMES IN ARRAY "ALLOCATED_ARRAY_DATA" SO THAT SUBR,
               ALLOCATED_MEMORY                CANNOT CALC DATA FOR ARRAY "ALLOCATED_ARRAY_MEM".
               THIS IS NOT A PROBLEM WITH THIS RUN, ONLY SOMETHING NEEDING ATTENTION BY THE AUTHOR
 *INFORMATION: ARRAY KFSDe  IS NOT IN THE LIST OF NAMES IN ARRAY "ALLOCATED_ARRAY_DATA" SO THAT SUBR,
               ALLOCATED_MEMORY                CANNOT CALC DATA FOR ARRAY "ALLOCATED_ARRAY_MEM".
               THIS IS NOT A PROBLEM WITH THIS RUN, ONLY SOMETHING NEEDING ATTENTION BY THE AUTHOR
 *INFORMATION: ARRAY KLLD   IS NOT IN THE LIST OF NAMES IN ARRAY "ALLOCATED_ARRAY_DATA" SO THAT SUBR,
               ALLOCATED_MEMORY                CANNOT CALC DATA FOR ARRAY "ALLOCATED_ARRAY_MEM".
               THIS IS NOT A PROBLEM WITH THIS RUN, ONLY SOMETHING NEEDING ATTENTION BY THE AUTHOR
 *INFORMATION: ARRAY KLLDn  IS NOT IN THE LIST OF NAMES IN ARRAY "ALLOCATED_ARRAY_DATA" SO THAT SUBR,
               ALLOCATED_MEMORY                CANNOT CALC DATA FOR ARRAY "ALLOCATED_ARRAY_MEM".
               THIS IS NOT A PROBLEM WITH THIS RUN, ONLY SOMETHING NEEDING ATTENTION BY THE AUTHOR
 *INFORMATION: ARRAY KMMD   IS NOT IN THE LIST OF NAMES IN ARRAY "ALLOCATED_ARRAY_DATA" SO THAT SUBR,
               ALLOCATED_MEMORY                CANNOT CALC DATA FOR ARRAY "ALLOCATED_ARRAY_MEM".
               THIS IS NOT A PROBLEM WITH THIS RUN, ONLY SOMETHING NEEDING ATTENTION BY THE AUTHOR
 *INFORMATION: ARRAY KMND   IS NOT IN THE LIST OF NAMES IN ARRAY "ALLOCATED_ARRAY_DATA" SO THAT SUBR,
               ALLOCATED_MEMORY                CANNOT CALC DATA FOR ARRAY "ALLOCATED_ARRAY_MEM".
               THIS IS NOT A PROBLEM WITH THIS RUN, ONLY SOMETHING NEEDING ATTENTION BY THE AUTHOR
 *INFORMATION: ARRAY KNMD   IS NOT IN THE LIST OF NAMES IN ARRAY "ALLOCATED_ARRAY_DATA" SO THAT SUBR,
               ALLOCATED_MEMORY                CANNOT CALC DATA FOR ARRAY "ALLOCATED_ARRAY_MEM".
               THIS IS NOT A PROBLEM WITH THIS RUN, ONLY SOMETHING NEEDING ATTENTION BY THE AUTHOR
 *INFORMATION: ARRAY KNND   IS NOT IN THE LIST OF NAMES IN ARRAY "ALLOCATED_ARRAY_DATA" SO THAT SUBR,
               ALLOCATED_MEMORY                CANNOT CALC DATA FOR ARRAY "ALLOCATED_ARRAY_MEM".
               THIS IS NOT A PROBLEM WITH THIS RUN, ONLY SOMETHING NEEDING ATTENTION BY THE AUTHOR
 *INFORMATION: ARRAY KOOD   IS NOT IN THE LIST OF NAMES IN ARRAY "ALLOCATED_ARRAY_DATA" SO THAT SUBR,
               ALLOCATED_MEMORY                CANNOT CALC DATA FOR ARRAY "ALLOCATED_ARRAY_MEM".
               THIS IS NOT A PROBLEM WITH THIS RUN, ONLY SOMETHING NEEDING ATTENTION BY THE AUTHOR
 *INFORMATION: ARRAY KOODs  IS NOT IN THE LIST OF NAMES IN ARRAY "ALLOCATED_ARRAY_DATA" SO THAT SUBR,
               ALLOCATED_MEMORY                CANNOT CALC DATA FOR ARRAY "ALLOCATED_ARRAY_MEM".
               THIS IS NOT A PROBLEM WITH THIS RUN, ONLY SOMETHING NEEDING ATTENTION BY THE AUTHOR
 *INFORMATION: ARRAY KRLD   IS NOT IN THE LIST OF NAMES IN ARRAY "ALLOCATED_ARRAY_DATA" SO THAT SUBR,
               ALLOCATED_MEMORY                CANNOT CALC DATA FOR ARRAY "ALLOCATED_ARRAY_MEM".
               THIS IS NOT A PROBLEM WITH THIS RUN, ONLY SOMETHING NEEDING ATTENTION BY THE AUTHOR
 *INFORMATION: ARRAY KRRD   IS NOT IN THE LIST OF NAMES IN ARRAY "ALLOCATED_ARRAY_DATA" SO THAT SUBR,
               ALLOCATED_MEMORY                CANNOT CALC DATA FOR ARRAY "ALLOCATED_ARRAY_MEM".
               THIS IS NOT A PROBLEM WITH THIS RUN, ONLY SOMETHING NEEDING ATTENTION BY THE AUTHOR
 *INFORMATION: ARRAY KSSD   IS NOT IN THE LIST OF NAMES IN ARRAY "ALLOCATED_ARRAY_DATA" SO THAT SUBR,
               ALLOCATED_MEMORY                CANNOT CALC DATA FOR ARRAY "ALLOCATED_ARRAY_MEM".
               THIS IS NOT A PROBLEM WITH THIS RUN, ONLY SOMETHING NEEDING ATTENTION BY THE AUTHOR
 *INFORMATION: ARRAY KSSDe  IS NOT IN THE LIST OF NAMES IN ARRAY "ALLOCATED_ARRAY_DATA" SO THAT SUBR,
               ALLOCATED_MEMORY                CANNOT CALC DATA FOR ARRAY "ALLOCATED_ARRAY_MEM".
               THIS IS NOT A PROBLEM WITH THIS RUN, ONLY SOMETHING NEEDING ATTENTION BY THE AUTHOR
 *INFORMATION: ARRAY PHIXG  IS NOT IN THE LIST OF NAMES IN ARRAY "ALLOCATED_ARRAY_DATA" SO THAT SUBR,
               ALLOCATED_MEMORY                CANNOT CALC DATA FOR ARRAY "ALLOCATED_ARRAY_MEM".
               THIS IS NOT A PROBLEM WITH THIS RUN, ONLY SOMETHING NEEDING ATTENTION BY THE AUTHOR
 *INFORMATION: ARRAY KGGD   IS NOT IN THE LIST OF NAMES IN ARRAY "ALLOCATED_ARRAY_DATA" SO THAT SUBR,
               ALLOCATED_MEMORY                CANNOT CALC DATA FOR ARRAY "ALLOCATED_ARRAY_MEM".
               THIS IS NOT A PROBLEM WITH THIS RUN, ONLY SOMETHING NEEDING ATTENTION BY THE AUTHOR

 >> LINK  3 BEGIN


 >> LINK  5 BEGIN

 *INFORMATION: ARRAY UG_T123_MAT IS NOT IN THE LIST OF NAMES IN ARRAY "ALLOCATED_ARRAY_DATA" SO THAT SUBR,
               ALLOCATED_MEMORY                CANNOT CALC DATA FOR ARRAY "ALLOCATED_ARRAY_MEM".
               THIS IS NOT A PROBLEM WITH THIS RUN, ONLY SOMETHING NEEDING ATTENTION BY THE AUTHOR

 >> LINK  9 BEGIN

 *INFORMATION: ARRAY KEG                             IS NOT IN THE LIST OF NAMES IN ARRAY "ALLOCATED_ARRAY_DATA" SO THAT SUBR,
               ALLOCATED_MEMORY                CANNOT CALC DATA FOR ARRAY "ALLOCATED_ARRAY_MEM".
               THIS IS NOT A PROBLEM WITH THIS RUN, ONLY SOMETHING NEEDING ATTENTION BY THE AUTHOR
 *INFORMATION: ARRAY OFFDIS_O                        IS NOT IN THE LIST OF NAMES IN ARRAY "ALLOCATED_ARRAY_DATA" SO THAT SUBR,
               ALLOCATED_MEMORY                CANNOT CALC DATA FOR ARRAY "ALLOCATED_ARRAY_MEM".
               THIS IS NOT A PROBLEM WITH THIS RUN, ONLY SOMETHING NEEDING ATTENTION BY THE AUTHOR
 *INFORMATION: ARRAY OFFDIS_B                        IS NOT IN THE LIST OF NAMES IN ARRAY "ALLOCATED_ARRAY_DATA" SO THAT SUBR,
               ALLOCATED_MEMORY                CANNOT CALC DATA FOR ARRAY "ALLOCATED_ARRAY_MEM".
               THIS IS NOT A PROBLEM WITH THIS RUN, ONLY SOMETHING NEEDING ATTENTION BY THE AUTHOR
 *INFORMATION: ARRAY OFFDIS_G                        IS NOT IN THE LIST OF NAMES IN ARRAY "ALLOCATED_ARRAY_DATA" SO THAT SUBR,
               ALLOCATED_MEMORY                CANNOT CALC DATA FOR ARRAY "ALLOCATED_ARRAY_MEM".
               THIS IS NOT A PROBLEM WITH THIS RUN, ONLY SOMETHING NEEDING ATTENTION BY THE AUTHOR
 *WARNING    : ACCELERATION REQUESTS ONLY PROGRAMMED IN CB MODEL SOLUTION
 *DEBUG:    RUNNING=OFP1 - disp, accel and applied force output
 *DEBUG:      WHAT=DISP; NGRID     546; NREQ=     546; SC_OUT_REQ=       1
 *DEBUG:    RUNNING=OFP1 - disp, accel and applied force output
 *DEBUG:      WHAT=OLOAD; NGRID     546; NREQ=       0; SC_OUT_REQ=       0
 *DEBUG:    RUNNING=OFP2 - SPC and MPC force
 *DEBUG:    RUNNING=OFP2 - SPC
 *DEBUG:    ITABLE BAD=  -1
 - - - - - - - - - - - - - - - - - - - - - - - - - - - - - - - - - - - - - - - - - - - - - - - - - - - - - - - - - -
 *INFORMATION: Due to DEBUG(176) =   0
               Plate elem engr forces and stresses will be calculated by multiplying strains by the material matrix
               Strains are calculated using the strain-displ matrices:
               BE1 (membrane), BE2 (bending), BE3 (transverse shear) times displacements
 - - - - - - - - - - - - - - - - - - - - - - - - - - - - - - - - - - - - - - - - - - - - - - - - - - - - - - - - - -
*DEBUG:      OEF_END 1D:    TABLE_NAMEOEF ERR 
*DEBUG:      OEF_END 2D:    TABLE_NAMEOEF ERR 
*DEBUG:      OES_PCOMP_END:    TABLE_NAMEOES1C   
*DEBUG:      A; ELEMENT_TYPE=TRIA3   ; TABLE_NAME=OES ERR ; ITABLE=       0
*DEBUG:      OUTPUT2_WRITE_STRESS: OES1X1 found TRIA3   
*DEBUG:      OUTPUT2_WRITE_STRESS: will create stress table; TABLE_NAME= OES1X1  ;ITABLE=      -1
*DEBUG:      OUTPUT2_WRITE_STRESS: creating stress table; TABLE_NAME= OES1X1  ;ITABLE=      -1
 *DEBUG:       WRITE WRITE_TABLE_HEADER; TABLE_NAME=OES1X1  
*DEBUG:      B; ELEMENT_TYPE=TRIA3   ; TABLE_NAME=OES1X1  ; ITABLE=      -3
WRITE OES F06/OP2; ITABLE=      -3 (should be -4, -6, ...)
*DEBUG: WRITE_CTRIA3    ITABLE=      -3; NUM=     968; NVALUES=   16456; NTOTAL=   65824
 *DEBUG:       END_OP2_TABLE; ITABLE=      -3
*DEBUG:      OSTR_PCOMP_END:    TABLE_NAMEOSTR1C  
 *INFORMATION: ARRAY KEG                             IS NOT IN THE LIST OF NAMES IN ARRAY "ALLOCATED_ARRAY_DATA" SO THAT SUBR,
               ALLOCATED_MEMORY                CANNOT CALC DATA FOR ARRAY "ALLOCATED_ARRAY_MEM".
               THIS IS NOT A PROBLEM WITH THIS RUN, ONLY SOMETHING NEEDING ATTENTION BY THE AUTHOR
 *INFORMATION: ARRAY OFFDIS_O                        IS NOT IN THE LIST OF NAMES IN ARRAY "ALLOCATED_ARRAY_DATA" SO THAT SUBR,
               ALLOCATED_MEMORY                CANNOT CALC DATA FOR ARRAY "ALLOCATED_ARRAY_MEM".
               THIS IS NOT A PROBLEM WITH THIS RUN, ONLY SOMETHING NEEDING ATTENTION BY THE AUTHOR
 *INFORMATION: ARRAY OFFDIS_B                        IS NOT IN THE LIST OF NAMES IN ARRAY "ALLOCATED_ARRAY_DATA" SO THAT SUBR,
               ALLOCATED_MEMORY                CANNOT CALC DATA FOR ARRAY "ALLOCATED_ARRAY_MEM".
               THIS IS NOT A PROBLEM WITH THIS RUN, ONLY SOMETHING NEEDING ATTENTION BY THE AUTHOR
 *INFORMATION: ARRAY OFFDIS_G                        IS NOT IN THE LIST OF NAMES IN ARRAY "ALLOCATED_ARRAY_DATA" SO THAT SUBR,
               ALLOCATED_MEMORY                CANNOT CALC DATA FOR ARRAY "ALLOCATED_ARRAY_MEM".
               THIS IS NOT A PROBLEM WITH THIS RUN, ONLY SOMETHING NEEDING ATTENTION BY THE AUTHOR

 >> MYSTRAN END    :  9/29/2024 at 12: 4:31.254
 *DEBUG:       END_OP2_TABLES 
